[2024-12-21T15:27:22.669+0000] {local_task_job_runner.py:123} INFO - ::group::Pre task execution logs
[2024-12-21T15:27:22.700+0000] {taskinstance.py:2613} INFO - Dependencies all met for dep_context=non-requeueable deps ti=<TaskInstance: fintech_etl_pipeline.run_dashboard manual__2024-12-21T15:18:17.684624+00:00 [queued]>
[2024-12-21T15:27:22.722+0000] {taskinstance.py:2613} INFO - Dependencies all met for dep_context=requeueable deps ti=<TaskInstance: fintech_etl_pipeline.run_dashboard manual__2024-12-21T15:18:17.684624+00:00 [queued]>
[2024-12-21T15:27:22.723+0000] {taskinstance.py:2866} INFO - Starting attempt 2 of 2
[2024-12-21T15:27:22.751+0000] {taskinstance.py:2889} INFO - Executing <Task(BashOperator): run_dashboard> on 2024-12-21 15:18:17.684624+00:00
[2024-12-21T15:27:22.765+0000] {warnings.py:112} WARNING - /home/***/.local/lib/python3.12/site-packages/***/task/task_runner/standard_task_runner.py:70: DeprecationWarning: This process (pid=867) is multi-threaded, use of fork() may lead to deadlocks in the child.
  pid = os.fork()

[2024-12-21T15:27:22.768+0000] {standard_task_runner.py:72} INFO - Started process 876 to run task
[2024-12-21T15:27:22.768+0000] {standard_task_runner.py:104} INFO - Running: ['***', 'tasks', 'run', 'fintech_etl_pipeline', 'run_dashboard', 'manual__2024-12-21T15:18:17.684624+00:00', '--job-id', '110', '--raw', '--subdir', 'DAGS_FOLDER/fintech_dag.py', '--cfg-path', '/tmp/tmp24u77jn6']
[2024-12-21T15:27:22.777+0000] {standard_task_runner.py:105} INFO - Job 110: Subtask run_dashboard
[2024-12-21T15:27:22.847+0000] {task_command.py:467} INFO - Running <TaskInstance: fintech_etl_pipeline.run_dashboard manual__2024-12-21T15:18:17.684624+00:00 [running]> on host b2048de23098
[2024-12-21T15:27:23.011+0000] {taskinstance.py:3132} INFO - Exporting env vars: AIRFLOW_CTX_DAG_OWNER='Zeyad_Habash' AIRFLOW_CTX_DAG_ID='fintech_etl_pipeline' AIRFLOW_CTX_TASK_ID='run_dashboard' AIRFLOW_CTX_EXECUTION_DATE='2024-12-21T15:18:17.684624+00:00' AIRFLOW_CTX_TRY_NUMBER='2' AIRFLOW_CTX_DAG_RUN_ID='manual__2024-12-21T15:18:17.684624+00:00'
[2024-12-21T15:27:23.014+0000] {taskinstance.py:731} INFO - ::endgroup::
[2024-12-21T15:27:23.054+0000] {subprocess.py:78} INFO - Tmp dir root location: /tmp
[2024-12-21T15:27:23.056+0000] {subprocess.py:88} INFO - Running command: ['/usr/bin/bash', '-c', 'streamlit run /opt/***/dags/fintech_dashboard.py -- --filename /opt/***/data/fintech_clean.parquet --lookup_table_filename /opt/***/data/lookup_table.csv']
[2024-12-21T15:27:23.082+0000] {subprocess.py:99} INFO - Output:
[2024-12-21T15:27:24.465+0000] {subprocess.py:106} INFO - 
[2024-12-21T15:27:24.467+0000] {subprocess.py:106} INFO - Collecting usage statistics. To deactivate, set browser.gatherUsageStats to false.
[2024-12-21T15:27:24.468+0000] {subprocess.py:106} INFO - 
[2024-12-21T15:27:25.285+0000] {subprocess.py:106} INFO - 
[2024-12-21T15:27:25.286+0000] {subprocess.py:106} INFO -   You can now view your Streamlit app in your browser.
[2024-12-21T15:27:25.287+0000] {subprocess.py:106} INFO - 
[2024-12-21T15:27:25.289+0000] {subprocess.py:106} INFO -   Local URL: http://localhost:8502
[2024-12-21T15:27:25.290+0000] {subprocess.py:106} INFO -   Network URL: http://172.18.0.6:8502
[2024-12-21T15:27:25.291+0000] {subprocess.py:106} INFO -   External URL: http://102.41.22.125:8502
[2024-12-21T15:27:25.292+0000] {subprocess.py:106} INFO - 
