[2024-12-19T23:08:06.497+0000] {local_task_job_runner.py:123} INFO - ::group::Pre task execution logs
[2024-12-19T23:08:06.525+0000] {taskinstance.py:2613} INFO - Dependencies all met for dep_context=non-requeueable deps ti=<TaskInstance: fintech_etl_pipeline.run_dashboard manual__2024-12-19T23:07:48.511707+00:00 [queued]>
[2024-12-19T23:08:06.538+0000] {taskinstance.py:2613} INFO - Dependencies all met for dep_context=requeueable deps ti=<TaskInstance: fintech_etl_pipeline.run_dashboard manual__2024-12-19T23:07:48.511707+00:00 [queued]>
[2024-12-19T23:08:06.539+0000] {taskinstance.py:2866} INFO - Starting attempt 1 of 2
[2024-12-19T23:08:06.574+0000] {taskinstance.py:2889} INFO - Executing <Task(BashOperator): run_dashboard> on 2024-12-19 23:07:48.511707+00:00
[2024-12-19T23:08:06.590+0000] {warnings.py:112} WARNING - /home/***/.local/lib/python3.12/site-packages/***/task/task_runner/standard_task_runner.py:70: DeprecationWarning: This process (pid=156) is multi-threaded, use of fork() may lead to deadlocks in the child.
  pid = os.fork()

[2024-12-19T23:08:06.593+0000] {standard_task_runner.py:72} INFO - Started process 165 to run task
[2024-12-19T23:08:06.593+0000] {standard_task_runner.py:104} INFO - Running: ['***', 'tasks', 'run', 'fintech_etl_pipeline', 'run_dashboard', 'manual__2024-12-19T23:07:48.511707+00:00', '--job-id', '72', '--raw', '--subdir', 'DAGS_FOLDER/fintech_dag.py', '--cfg-path', '/tmp/tmp8fchx4wp']
[2024-12-19T23:08:06.598+0000] {standard_task_runner.py:105} INFO - Job 72: Subtask run_dashboard
[2024-12-19T23:08:06.732+0000] {task_command.py:467} INFO - Running <TaskInstance: fintech_etl_pipeline.run_dashboard manual__2024-12-19T23:07:48.511707+00:00 [running]> on host bd82a0d94f0e
[2024-12-19T23:08:06.867+0000] {taskinstance.py:3132} INFO - Exporting env vars: AIRFLOW_CTX_DAG_OWNER='Zeyad_Habash' AIRFLOW_CTX_DAG_ID='fintech_etl_pipeline' AIRFLOW_CTX_TASK_ID='run_dashboard' AIRFLOW_CTX_EXECUTION_DATE='2024-12-19T23:07:48.511707+00:00' AIRFLOW_CTX_TRY_NUMBER='1' AIRFLOW_CTX_DAG_RUN_ID='manual__2024-12-19T23:07:48.511707+00:00'
[2024-12-19T23:08:06.870+0000] {taskinstance.py:731} INFO - ::endgroup::
[2024-12-19T23:08:06.890+0000] {subprocess.py:78} INFO - Tmp dir root location: /tmp
[2024-12-19T23:08:06.891+0000] {subprocess.py:88} INFO - Running command: ['/usr/bin/bash', '-c', 'streamlit run /opt/***/dags/fintech_dashboard.py -- --filename /opt/***/data/fintech_clean.parquet --lookup_table_filename /opt/***/data/lookup_table.csv']
[2024-12-19T23:08:06.911+0000] {subprocess.py:99} INFO - Output:
[2024-12-19T23:08:08.343+0000] {subprocess.py:106} INFO - 
[2024-12-19T23:08:08.344+0000] {subprocess.py:106} INFO - Collecting usage statistics. To deactivate, set browser.gatherUsageStats to false.
[2024-12-19T23:08:08.345+0000] {subprocess.py:106} INFO - 
[2024-12-19T23:08:09.167+0000] {subprocess.py:106} INFO - 
[2024-12-19T23:08:09.168+0000] {subprocess.py:106} INFO -   You can now view your Streamlit app in your browser.
[2024-12-19T23:08:09.169+0000] {subprocess.py:106} INFO - 
[2024-12-19T23:08:09.169+0000] {subprocess.py:106} INFO -   Local URL: http://localhost:8501
[2024-12-19T23:08:09.170+0000] {subprocess.py:106} INFO -   Network URL: http://172.18.0.7:8501
[2024-12-19T23:08:09.171+0000] {subprocess.py:106} INFO -   External URL: http://154.178.37.101:8501
[2024-12-19T23:08:09.171+0000] {subprocess.py:106} INFO - 
[2024-12-20T22:39:01.333+0000] {local_task_job_runner.py:123} INFO - ::group::Pre task execution logs
[2024-12-20T22:39:01.351+0000] {taskinstance.py:2603} INFO - Dependencies not met for <TaskInstance: fintech_etl_pipeline.run_dashboard manual__2024-12-19T23:07:48.511707+00:00 [failed]>, dependency 'Task Instance State' FAILED: Task is in the 'failed' state.
[2024-12-20T22:39:01.368+0000] {local_task_job_runner.py:166} INFO - Task is not able to be run
