[2024-12-20T19:00:29.632+0000] {local_task_job_runner.py:123} INFO - ::group::Pre task execution logs
[2024-12-20T19:00:29.651+0000] {taskinstance.py:2613} INFO - Dependencies all met for dep_context=non-requeueable deps ti=<TaskInstance: fintech_etl_pipeline.run_dashboard manual__2024-12-20T00:03:54.730320+00:00 [queued]>
[2024-12-20T19:00:29.661+0000] {taskinstance.py:2613} INFO - Dependencies all met for dep_context=requeueable deps ti=<TaskInstance: fintech_etl_pipeline.run_dashboard manual__2024-12-20T00:03:54.730320+00:00 [queued]>
[2024-12-20T19:00:29.662+0000] {taskinstance.py:2866} INFO - Starting attempt 2 of 2
[2024-12-20T19:00:29.677+0000] {taskinstance.py:2889} INFO - Executing <Task(BashOperator): run_dashboard> on 2024-12-20 00:03:54.730320+00:00
[2024-12-20T19:00:29.685+0000] {warnings.py:112} WARNING - /home/***/.local/lib/python3.12/site-packages/***/task/task_runner/standard_task_runner.py:70: DeprecationWarning: This process (pid=1973) is multi-threaded, use of fork() may lead to deadlocks in the child.
  pid = os.fork()

[2024-12-20T19:00:29.687+0000] {standard_task_runner.py:72} INFO - Started process 1982 to run task
[2024-12-20T19:00:29.688+0000] {standard_task_runner.py:104} INFO - Running: ['***', 'tasks', 'run', 'fintech_etl_pipeline', 'run_dashboard', 'manual__2024-12-20T00:03:54.730320+00:00', '--job-id', '96', '--raw', '--subdir', 'DAGS_FOLDER/fintech_dag.py', '--cfg-path', '/tmp/tmp1jl4as0i']
[2024-12-20T19:00:29.691+0000] {standard_task_runner.py:105} INFO - Job 96: Subtask run_dashboard
[2024-12-20T19:00:29.740+0000] {task_command.py:467} INFO - Running <TaskInstance: fintech_etl_pipeline.run_dashboard manual__2024-12-20T00:03:54.730320+00:00 [running]> on host b2048de23098
[2024-12-20T19:00:29.848+0000] {taskinstance.py:3132} INFO - Exporting env vars: AIRFLOW_CTX_DAG_OWNER='Zeyad_Habash' AIRFLOW_CTX_DAG_ID='fintech_etl_pipeline' AIRFLOW_CTX_TASK_ID='run_dashboard' AIRFLOW_CTX_EXECUTION_DATE='2024-12-20T00:03:54.730320+00:00' AIRFLOW_CTX_TRY_NUMBER='2' AIRFLOW_CTX_DAG_RUN_ID='manual__2024-12-20T00:03:54.730320+00:00'
[2024-12-20T19:00:29.850+0000] {taskinstance.py:731} INFO - ::endgroup::
[2024-12-20T19:00:29.874+0000] {subprocess.py:78} INFO - Tmp dir root location: /tmp
[2024-12-20T19:00:29.877+0000] {subprocess.py:88} INFO - Running command: ['/usr/bin/bash', '-c', 'streamlit run /opt/***/dags/fintech_dashboard.py -- --filename /opt/***/data/fintech_clean.parquet --lookup_table_filename /opt/***/data/lookup_table.csv']
[2024-12-20T19:00:29.895+0000] {subprocess.py:99} INFO - Output:
[2024-12-20T19:00:30.910+0000] {subprocess.py:106} INFO - 
[2024-12-20T19:00:30.911+0000] {subprocess.py:106} INFO - Collecting usage statistics. To deactivate, set browser.gatherUsageStats to false.
[2024-12-20T19:00:30.912+0000] {subprocess.py:106} INFO - 
[2024-12-20T19:00:31.328+0000] {subprocess.py:106} INFO - 
[2024-12-20T19:00:31.329+0000] {subprocess.py:106} INFO -   You can now view your Streamlit app in your browser.
[2024-12-20T19:00:31.329+0000] {subprocess.py:106} INFO - 
[2024-12-20T19:00:31.330+0000] {subprocess.py:106} INFO -   Local URL: http://localhost:8501
[2024-12-20T19:00:31.331+0000] {subprocess.py:106} INFO -   Network URL: http://172.18.0.6:8501
[2024-12-20T19:00:31.332+0000] {subprocess.py:106} INFO -   External URL: http://154.178.37.101:8501
[2024-12-20T19:00:31.332+0000] {subprocess.py:106} INFO - 
[2024-12-20T22:12:25.767+0000] {job.py:229} INFO - Heartbeat recovered after 2496.06 seconds
[2024-12-21T00:33:16.830+0000] {job.py:229} INFO - Heartbeat recovered after 1467.73 seconds
[2024-12-21T06:45:48.233+0000] {job.py:229} INFO - Heartbeat recovered after 10894.18 seconds
[2024-12-21T14:26:31.604+0000] {job.py:229} INFO - Heartbeat recovered after 27638.21 seconds
