[2024-12-21T15:23:43.708+0000] {local_task_job_runner.py:123} INFO - ::group::Pre task execution logs
[2024-12-21T15:23:43.734+0000] {taskinstance.py:2613} INFO - Dependencies all met for dep_context=non-requeueable deps ti=<TaskInstance: fintech_etl_pipeline.run_dashboard manual__2024-12-21T15:23:22.303607+00:00 [queued]>
[2024-12-21T15:23:43.747+0000] {taskinstance.py:2613} INFO - Dependencies all met for dep_context=requeueable deps ti=<TaskInstance: fintech_etl_pipeline.run_dashboard manual__2024-12-21T15:23:22.303607+00:00 [queued]>
[2024-12-21T15:23:43.748+0000] {taskinstance.py:2866} INFO - Starting attempt 1 of 2
[2024-12-21T15:23:43.768+0000] {taskinstance.py:2889} INFO - Executing <Task(BashOperator): run_dashboard> on 2024-12-21 15:23:22.303607+00:00
[2024-12-21T15:23:43.781+0000] {warnings.py:112} WARNING - /home/***/.local/lib/python3.12/site-packages/***/task/task_runner/standard_task_runner.py:70: DeprecationWarning: This process (pid=776) is multi-threaded, use of fork() may lead to deadlocks in the child.
  pid = os.fork()

[2024-12-21T15:23:43.784+0000] {standard_task_runner.py:72} INFO - Started process 785 to run task
[2024-12-21T15:23:43.785+0000] {standard_task_runner.py:104} INFO - Running: ['***', 'tasks', 'run', 'fintech_etl_pipeline', 'run_dashboard', 'manual__2024-12-21T15:23:22.303607+00:00', '--job-id', '109', '--raw', '--subdir', 'DAGS_FOLDER/fintech_dag.py', '--cfg-path', '/tmp/tmpfdavn0sp']
[2024-12-21T15:23:43.789+0000] {standard_task_runner.py:105} INFO - Job 109: Subtask run_dashboard
[2024-12-21T15:23:43.890+0000] {task_command.py:467} INFO - Running <TaskInstance: fintech_etl_pipeline.run_dashboard manual__2024-12-21T15:23:22.303607+00:00 [running]> on host b2048de23098
[2024-12-21T15:23:44.190+0000] {taskinstance.py:3132} INFO - Exporting env vars: AIRFLOW_CTX_DAG_OWNER='Zeyad_Habash' AIRFLOW_CTX_DAG_ID='fintech_etl_pipeline' AIRFLOW_CTX_TASK_ID='run_dashboard' AIRFLOW_CTX_EXECUTION_DATE='2024-12-21T15:23:22.303607+00:00' AIRFLOW_CTX_TRY_NUMBER='1' AIRFLOW_CTX_DAG_RUN_ID='manual__2024-12-21T15:23:22.303607+00:00'
[2024-12-21T15:23:44.209+0000] {taskinstance.py:731} INFO - ::endgroup::
[2024-12-21T15:23:44.317+0000] {subprocess.py:78} INFO - Tmp dir root location: /tmp
[2024-12-21T15:23:44.331+0000] {subprocess.py:88} INFO - Running command: ['/usr/bin/bash', '-c', 'streamlit run /opt/***/dags/fintech_dashboard.py -- --filename /opt/***/data/fintech_clean.parquet --lookup_table_filename /opt/***/data/lookup_table.csv']
[2024-12-21T15:23:44.407+0000] {subprocess.py:99} INFO - Output:
[2024-12-21T15:23:47.008+0000] {subprocess.py:106} INFO - 
[2024-12-21T15:23:47.011+0000] {subprocess.py:106} INFO - Collecting usage statistics. To deactivate, set browser.gatherUsageStats to false.
[2024-12-21T15:23:47.013+0000] {subprocess.py:106} INFO - 
[2024-12-21T15:23:47.711+0000] {subprocess.py:106} INFO - 
[2024-12-21T15:23:47.714+0000] {subprocess.py:106} INFO -   You can now view your Streamlit app in your browser.
[2024-12-21T15:23:47.715+0000] {subprocess.py:106} INFO - 
[2024-12-21T15:23:47.718+0000] {subprocess.py:106} INFO -   Local URL: http://localhost:8501
[2024-12-21T15:23:47.719+0000] {subprocess.py:106} INFO -   Network URL: http://172.18.0.6:8501
[2024-12-21T15:23:47.720+0000] {subprocess.py:106} INFO -   External URL: http://102.41.22.125:8501
[2024-12-21T15:23:47.722+0000] {subprocess.py:106} INFO - 
