[2024-12-19T17:41:34.277+0000] {local_task_job_runner.py:123} INFO - ::group::Pre task execution logs
[2024-12-19T17:41:34.305+0000] {taskinstance.py:2613} INFO - Dependencies all met for dep_context=non-requeueable deps ti=<TaskInstance: fintech_etl_pipeline.transform manual__2024-12-19T17:36:23.003172+00:00 [queued]>
[2024-12-19T17:41:34.315+0000] {taskinstance.py:2613} INFO - Dependencies all met for dep_context=requeueable deps ti=<TaskInstance: fintech_etl_pipeline.transform manual__2024-12-19T17:36:23.003172+00:00 [queued]>
[2024-12-19T17:41:34.315+0000] {taskinstance.py:2866} INFO - Starting attempt 2 of 2
[2024-12-19T17:41:34.355+0000] {taskinstance.py:2889} INFO - Executing <Task(PythonOperator): transform> on 2024-12-19 17:36:23.003172+00:00
[2024-12-19T17:41:34.369+0000] {warnings.py:112} WARNING - /home/***/.local/lib/python3.12/site-packages/***/task/task_runner/standard_task_runner.py:70: DeprecationWarning: This process (pid=469) is multi-threaded, use of fork() may lead to deadlocks in the child.
  pid = os.fork()

[2024-12-19T17:41:34.376+0000] {standard_task_runner.py:72} INFO - Started process 478 to run task
[2024-12-19T17:41:34.375+0000] {standard_task_runner.py:104} INFO - Running: ['***', 'tasks', 'run', 'fintech_etl_pipeline', 'transform', 'manual__2024-12-19T17:36:23.003172+00:00', '--job-id', '12', '--raw', '--subdir', 'DAGS_FOLDER/fintech_dag.py', '--cfg-path', '/tmp/tmpzcdrnw4c']
[2024-12-19T17:41:34.378+0000] {standard_task_runner.py:105} INFO - Job 12: Subtask transform
[2024-12-19T17:41:34.459+0000] {task_command.py:467} INFO - Running <TaskInstance: fintech_etl_pipeline.transform manual__2024-12-19T17:36:23.003172+00:00 [running]> on host 6937fe6ba34f
[2024-12-19T17:41:34.607+0000] {taskinstance.py:3132} INFO - Exporting env vars: AIRFLOW_CTX_DAG_OWNER='Zeyad_Habash' AIRFLOW_CTX_DAG_ID='fintech_etl_pipeline' AIRFLOW_CTX_TASK_ID='transform' AIRFLOW_CTX_EXECUTION_DATE='2024-12-19T17:36:23.003172+00:00' AIRFLOW_CTX_TRY_NUMBER='2' AIRFLOW_CTX_DAG_RUN_ID='manual__2024-12-19T17:36:23.003172+00:00'
[2024-12-19T17:41:34.609+0000] {taskinstance.py:731} INFO - ::endgroup::
[2024-12-19T17:41:35.342+0000] {taskinstance.py:3311} ERROR - Task failed with exception
Traceback (most recent call last):
  File "/home/airflow/.local/lib/python3.12/site-packages/airflow/models/taskinstance.py", line 767, in _execute_task
    result = _execute_callable(context=context, **execute_callable_kwargs)
             ^^^^^^^^^^^^^^^^^^^^^^^^^^^^^^^^^^^^^^^^^^^^^^^^^^^^^^^^^^^^^
  File "/home/airflow/.local/lib/python3.12/site-packages/airflow/models/taskinstance.py", line 733, in _execute_callable
    return ExecutionCallableRunner(
           ^^^^^^^^^^^^^^^^^^^^^^^^
  File "/home/airflow/.local/lib/python3.12/site-packages/airflow/utils/operator_helpers.py", line 252, in run
    return self.func(*args, **kwargs)
           ^^^^^^^^^^^^^^^^^^^^^^^^^^
  File "/home/airflow/.local/lib/python3.12/site-packages/airflow/models/baseoperator.py", line 417, in wrapper
    return func(self, *args, **kwargs)
           ^^^^^^^^^^^^^^^^^^^^^^^^^^^
  File "/home/airflow/.local/lib/python3.12/site-packages/airflow/operators/python.py", line 238, in execute
    return_value = self.execute_callable()
                   ^^^^^^^^^^^^^^^^^^^^^^^
  File "/home/airflow/.local/lib/python3.12/site-packages/airflow/operators/python.py", line 256, in execute_callable
    return runner.run(*self.op_args, **self.op_kwargs)
           ^^^^^^^^^^^^^^^^^^^^^^^^^^^^^^^^^^^^^^^^^^^
  File "/home/airflow/.local/lib/python3.12/site-packages/airflow/utils/operator_helpers.py", line 252, in run
    return self.func(*args, **kwargs)
           ^^^^^^^^^^^^^^^^^^^^^^^^^^
  File "/opt/airflow/dags/functions.py", line 639, in transform
    transformed_df = transform(df)
                     ^^^^^^^^^^^^^
  File "/opt/airflow/dags/functions.py", line 638, in transform
    df = pd.read_parquet(filename)
         ^^^^^^^^^^^^^^^^^^^^^^^^^
  File "/home/airflow/.local/lib/python3.12/site-packages/pandas/io/parquet.py", line 670, in read_parquet
    return impl.read(
           ^^^^^^^^^^
  File "/home/airflow/.local/lib/python3.12/site-packages/pandas/io/parquet.py", line 272, in read
    pa_table = self.api.parquet.read_table(
               ^^^^^^^^^^^^^^^^^^^^^^^^^^^^
  File "/home/airflow/.local/lib/python3.12/site-packages/pyarrow/parquet/core.py", line 1793, in read_table
    dataset = ParquetDataset(
              ^^^^^^^^^^^^^^^
  File "/home/airflow/.local/lib/python3.12/site-packages/pyarrow/parquet/core.py", line 1357, in __init__
    fragment = parquet_format.make_fragment(single_file, filesystem)
               ^^^^^^^^^^^^^^^^^^^^^^^^^^^^^^^^^^^^^^^^^^^^^^^^^^^^^
  File "pyarrow/_dataset_parquet.pyx", line 272, in pyarrow._dataset_parquet.ParquetFileFormat.make_fragment
  File "pyarrow/_dataset.pyx", line 1337, in pyarrow._dataset.FileFormat.make_fragment
  File "pyarrow/_dataset.pyx", line 132, in pyarrow._dataset._make_file_source
TypeError: cannot construct a FileSource from                                                                                   emp_title  ...  purpose_wedding
customer_id                                                                                  ...                 
YidceGM2XHhlOFx4MTFceDAzXHhkMVx4ZmJceDg3KUo0OFx...                   Director of Operations  ...              0.0
YidVXHg4N1x4YjFceDk5Vlx4MDhwXHJceGYzXHhjOFx4OTB...                      PROGRAMMER ENGINEER  ...              0.0
YicuXHgwZVx4ZTFceDA3XHg4Ylx4YTJceDk0XHg5NG5ceDE...                         Career Counselor  ...              0.0
YidceGJjXHhjMlx4YmJceDAxXG5aXHhiOVx4OWV5alx4MWN...  Program Director/Instructor Medical Lab  ...              0.0
YidceGJlblx0Qlx4MWNceGE0LVx4YmJ+XHhhMSlNXHgxZVx...                            Truck driver   ...              0.0
...                                                                                     ...  ...              ...
YidceGU5XHg5ZVx4ODRceGIySlx4YmVMSlx4ZmQrXHg4ZTB...                              Unit Mgr/ER  ...              0.0
YidceGE3XHhiNlx4YWYvXHhlM1x4ZTJceGE0IVx4ZTRceDB...                         Product Engineer  ...              0.0
YicsXHhmYlx4ZDVceDExRVFceDEzc258Olx4OTVYXHgxN1x...                                 Officer   ...              0.0
Yidsc1svVVx4OGFceGQzW1x4ZTlceDFjSVx4YmV9JGpceGM...                            Credit Suisse  ...              0.0
YiJceDkzXHhmZlx4YmVceDk3RS02KilceDlmJ1x4ZTlceDg...       Assistant Director of Applications  ...              0.0

[27030 rows x 48 columns]
[2024-12-19T17:41:35.445+0000] {taskinstance.py:1225} INFO - Marking task as FAILED. dag_id=fintech_etl_pipeline, task_id=transform, run_id=manual__2024-12-19T17:36:23.003172+00:00, execution_date=20241219T173623, start_date=20241219T174134, end_date=20241219T174135
[2024-12-19T17:41:35.461+0000] {taskinstance.py:340} INFO - ::group::Post task execution logs
[2024-12-19T17:41:35.462+0000] {standard_task_runner.py:124} ERROR - Failed to execute job 12 for task transform (cannot construct a FileSource from                                                                                   emp_title  ...  purpose_wedding
customer_id                                                                                  ...                 
YidceGM2XHhlOFx4MTFceDAzXHhkMVx4ZmJceDg3KUo0OFx...                   Director of Operations  ...              0.0
YidVXHg4N1x4YjFceDk5Vlx4MDhwXHJceGYzXHhjOFx4OTB...                      PROGRAMMER ENGINEER  ...              0.0
YicuXHgwZVx4ZTFceDA3XHg4Ylx4YTJceDk0XHg5NG5ceDE...                         Career Counselor  ...              0.0
YidceGJjXHhjMlx4YmJceDAxXG5aXHhiOVx4OWV5alx4MWN...  Program Director/Instructor Medical Lab  ...              0.0
YidceGJlblx0Qlx4MWNceGE0LVx4YmJ+XHhhMSlNXHgxZVx...                            Truck driver   ...              0.0
...                                                                                     ...  ...              ...
YidceGU5XHg5ZVx4ODRceGIySlx4YmVMSlx4ZmQrXHg4ZTB...                              Unit Mgr/ER  ...              0.0
YidceGE3XHhiNlx4YWYvXHhlM1x4ZTJceGE0IVx4ZTRceDB...                         Product Engineer  ...              0.0
YicsXHhmYlx4ZDVceDExRVFceDEzc258Olx4OTVYXHgxN1x...                                 Officer   ...              0.0
Yidsc1svVVx4OGFceGQzW1x4ZTlceDFjSVx4YmV9JGpceGM...                            Credit Suisse  ...              0.0
YiJceDkzXHhmZlx4YmVceDk3RS02KilceDlmJ1x4ZTlceDg...       Assistant Director of Applications  ...              0.0

[27030 rows x 48 columns]; 478)
Traceback (most recent call last):
  File "/home/airflow/.local/lib/python3.12/site-packages/airflow/task/task_runner/standard_task_runner.py", line 117, in _start_by_fork
    ret = args.func(args, dag=self.dag)
          ^^^^^^^^^^^^^^^^^^^^^^^^^^^^^
  File "/home/airflow/.local/lib/python3.12/site-packages/airflow/cli/cli_config.py", line 49, in command
    return func(*args, **kwargs)
           ^^^^^^^^^^^^^^^^^^^^^
  File "/home/airflow/.local/lib/python3.12/site-packages/airflow/utils/cli.py", line 116, in wrapper
    return f(*args, **kwargs)
           ^^^^^^^^^^^^^^^^^^
  File "/home/airflow/.local/lib/python3.12/site-packages/airflow/cli/commands/task_command.py", line 483, in task_run
    task_return_code = _run_task_by_selected_method(args, _dag, ti)
                       ^^^^^^^^^^^^^^^^^^^^^^^^^^^^^^^^^^^^^^^^^^^^
  File "/home/airflow/.local/lib/python3.12/site-packages/airflow/cli/commands/task_command.py", line 256, in _run_task_by_selected_method
    return _run_raw_task(args, ti)
           ^^^^^^^^^^^^^^^^^^^^^^^
  File "/home/airflow/.local/lib/python3.12/site-packages/airflow/cli/commands/task_command.py", line 341, in _run_raw_task
    return ti._run_raw_task(
           ^^^^^^^^^^^^^^^^^
  File "/home/airflow/.local/lib/python3.12/site-packages/airflow/utils/session.py", line 97, in wrapper
    return func(*args, session=session, **kwargs)
           ^^^^^^^^^^^^^^^^^^^^^^^^^^^^^^^^^^^^^^
  File "/home/airflow/.local/lib/python3.12/site-packages/airflow/models/taskinstance.py", line 3005, in _run_raw_task
    return _run_raw_task(
           ^^^^^^^^^^^^^^
  File "/home/airflow/.local/lib/python3.12/site-packages/airflow/models/taskinstance.py", line 273, in _run_raw_task
    TaskInstance._execute_task_with_callbacks(
  File "/home/airflow/.local/lib/python3.12/site-packages/airflow/models/taskinstance.py", line 3159, in _execute_task_with_callbacks
    result = self._execute_task(context, task_orig)
             ^^^^^^^^^^^^^^^^^^^^^^^^^^^^^^^^^^^^^^
  File "/home/airflow/.local/lib/python3.12/site-packages/airflow/models/taskinstance.py", line 3183, in _execute_task
    return _execute_task(self, context, task_orig)
           ^^^^^^^^^^^^^^^^^^^^^^^^^^^^^^^^^^^^^^^
  File "/home/airflow/.local/lib/python3.12/site-packages/airflow/models/taskinstance.py", line 767, in _execute_task
    result = _execute_callable(context=context, **execute_callable_kwargs)
             ^^^^^^^^^^^^^^^^^^^^^^^^^^^^^^^^^^^^^^^^^^^^^^^^^^^^^^^^^^^^^
  File "/home/airflow/.local/lib/python3.12/site-packages/airflow/models/taskinstance.py", line 733, in _execute_callable
    return ExecutionCallableRunner(
           ^^^^^^^^^^^^^^^^^^^^^^^^
  File "/home/airflow/.local/lib/python3.12/site-packages/airflow/utils/operator_helpers.py", line 252, in run
    return self.func(*args, **kwargs)
           ^^^^^^^^^^^^^^^^^^^^^^^^^^
  File "/home/airflow/.local/lib/python3.12/site-packages/airflow/models/baseoperator.py", line 417, in wrapper
    return func(self, *args, **kwargs)
           ^^^^^^^^^^^^^^^^^^^^^^^^^^^
  File "/home/airflow/.local/lib/python3.12/site-packages/airflow/operators/python.py", line 238, in execute
    return_value = self.execute_callable()
                   ^^^^^^^^^^^^^^^^^^^^^^^
  File "/home/airflow/.local/lib/python3.12/site-packages/airflow/operators/python.py", line 256, in execute_callable
    return runner.run(*self.op_args, **self.op_kwargs)
           ^^^^^^^^^^^^^^^^^^^^^^^^^^^^^^^^^^^^^^^^^^^
  File "/home/airflow/.local/lib/python3.12/site-packages/airflow/utils/operator_helpers.py", line 252, in run
    return self.func(*args, **kwargs)
           ^^^^^^^^^^^^^^^^^^^^^^^^^^
  File "/opt/airflow/dags/functions.py", line 639, in transform
    transformed_df = transform(df)
                     ^^^^^^^^^^^^^
  File "/opt/airflow/dags/functions.py", line 638, in transform
    df = pd.read_parquet(filename)
         ^^^^^^^^^^^^^^^^^^^^^^^^^
  File "/home/airflow/.local/lib/python3.12/site-packages/pandas/io/parquet.py", line 670, in read_parquet
    return impl.read(
           ^^^^^^^^^^
  File "/home/airflow/.local/lib/python3.12/site-packages/pandas/io/parquet.py", line 272, in read
    pa_table = self.api.parquet.read_table(
               ^^^^^^^^^^^^^^^^^^^^^^^^^^^^
  File "/home/airflow/.local/lib/python3.12/site-packages/pyarrow/parquet/core.py", line 1793, in read_table
    dataset = ParquetDataset(
              ^^^^^^^^^^^^^^^
  File "/home/airflow/.local/lib/python3.12/site-packages/pyarrow/parquet/core.py", line 1357, in __init__
    fragment = parquet_format.make_fragment(single_file, filesystem)
               ^^^^^^^^^^^^^^^^^^^^^^^^^^^^^^^^^^^^^^^^^^^^^^^^^^^^^
  File "pyarrow/_dataset_parquet.pyx", line 272, in pyarrow._dataset_parquet.ParquetFileFormat.make_fragment
  File "pyarrow/_dataset.pyx", line 1337, in pyarrow._dataset.FileFormat.make_fragment
  File "pyarrow/_dataset.pyx", line 132, in pyarrow._dataset._make_file_source
TypeError: cannot construct a FileSource from                                                                                   emp_title  ...  purpose_wedding
customer_id                                                                                  ...                 
YidceGM2XHhlOFx4MTFceDAzXHhkMVx4ZmJceDg3KUo0OFx...                   Director of Operations  ...              0.0
YidVXHg4N1x4YjFceDk5Vlx4MDhwXHJceGYzXHhjOFx4OTB...                      PROGRAMMER ENGINEER  ...              0.0
YicuXHgwZVx4ZTFceDA3XHg4Ylx4YTJceDk0XHg5NG5ceDE...                         Career Counselor  ...              0.0
YidceGJjXHhjMlx4YmJceDAxXG5aXHhiOVx4OWV5alx4MWN...  Program Director/Instructor Medical Lab  ...              0.0
YidceGJlblx0Qlx4MWNceGE0LVx4YmJ+XHhhMSlNXHgxZVx...                            Truck driver   ...              0.0
...                                                                                     ...  ...              ...
YidceGU5XHg5ZVx4ODRceGIySlx4YmVMSlx4ZmQrXHg4ZTB...                              Unit Mgr/ER  ...              0.0
YidceGE3XHhiNlx4YWYvXHhlM1x4ZTJceGE0IVx4ZTRceDB...                         Product Engineer  ...              0.0
YicsXHhmYlx4ZDVceDExRVFceDEzc258Olx4OTVYXHgxN1x...                                 Officer   ...              0.0
Yidsc1svVVx4OGFceGQzW1x4ZTlceDFjSVx4YmV9JGpceGM...                            Credit Suisse  ...              0.0
YiJceDkzXHhmZlx4YmVceDk3RS02KilceDlmJ1x4ZTlceDg...       Assistant Director of Applications  ...              0.0

[27030 rows x 48 columns]
[2024-12-19T17:41:35.479+0000] {local_task_job_runner.py:266} INFO - Task exited with return code 1
[2024-12-19T17:41:35.512+0000] {taskinstance.py:3895} INFO - 0 downstream tasks scheduled from follow-on schedule check
[2024-12-19T17:41:35.518+0000] {local_task_job_runner.py:245} INFO - ::endgroup::
